<?xml version="1.0" encoding="UTF-8"?>
<testsuite xmlns:xsi="http://www.w3.org/2001/XMLSchema-instance" xsi:noNamespaceSchemaLocation="https://maven.apache.org/surefire/maven-surefire-plugin/xsd/surefire-test-report-3.0.xsd" version="3.0" name="com.mycompany.st10466857.SeriesTest" time="0.128" tests="7" errors="0" skipped="0" failures="0">
  <properties>
[...]
</properties>
  <testcase name="TestSeriesAgeRestriction_SeriesAgeInValid" classname="com.mycompany.st10466857.SeriesTest" time="0.049"/>
  <testcase name="TestSeriesAgeRestriction_AgeValid" classname="com.mycompany.st10466857.SeriesTest" time="0.003">
    <system-out><![CDATA[
Capture New TV Series
*************************
Enter Series ID: Enter Series Name: Enter Age Restriction: Enter Number of Episodes: 
Series details have been successfully saved.

Press ENTER to continue...]]></system-out>
  </testcase>
  <testcase name="TestUpdateSeries" classname="com.mycompany.st10466857.SeriesTest" time="0.003">
    <system-out><![CDATA[
Update Series
*************************
Enter Series ID to update: 
Current details:
Series ID            : 101
Series Name          : Extreme Sports
Age Restriction      : 12
Number of Episodes   : 10

Press ENTER to keep the current value shown in [brackets].
Enter Series Name [Extreme Sports]: Enter Age Restriction [12]: Enter Number of Episodes [10]: 
Series successfully updated.

Press ENTER to continue...]]></system-out>
  </testcase>
  <testcase name="TestDeleteSeries" classname="com.mycompany.st10466857.SeriesTest" time="0.012">
    <system-out><![CDATA[
Delete Series
*************************
Enter Series ID to delete: 
Found:
ID: 101 | Name: Extreme Sports | Age: 12 | Episodes: 10

Are you sure you want to delete this series? (Y/N): Series successfully deleted.

Press ENTER to continue...]]></system-out>
  </testcase>
  <testcase name="TestDeleteSeries_SeriesNotFound" classname="com.mycompany.st10466857.SeriesTest" time="0.003">
    <system-out><![CDATA[
Delete Series
*************************
Enter Series ID to delete: 
No series data could be found for ID: 999

Press ENTER to continue...]]></system-out>
  </testcase>
  <testcase name="TestSearchSeries" classname="com.mycompany.st10466857.SeriesTest" time="0.004"/>
  <testcase name="TestSearchSeries_SeriesNotFound" classname="com.mycompany.st10466857.SeriesTest" time="0.002"/>
</testsuite>